2026-05-15T10:32:27.863388+00:00 - Server (re)started
2026-05-15T10:35:42.447670+00:00 - Server (re)started
2026-05-15T10:37:50.601308+00:00 - Found 1 target profiles for ids [1420957209508026]
2026-05-15T10:37:50.601766+00:00 - Starting run_bulk_profiles for spProducts from 2026-05-12 to 2026-05-14
2026-05-15T10:37:50.602996+00:00 - [CREATE] Submitting spProducts report for TRAMONTINA INDIA — IN — INR (EU)
2026-05-15T10:37:53.579112+00:00 - [POLL] Polling 1 pending spProducts reports (Attempt 1)...
2026-05-15T10:38:01.830273+00:00 - [POLL] Polling 1 pending spProducts reports (Attempt 2)...
2026-05-15T10:38:09.814105+00:00 - [POLL] Polling 1 pending spProducts reports (Attempt 3)...
2026-05-15T10:38:17.342956+00:00 - [POLL] Polling 1 pending spProducts reports (Attempt 4)...
2026-05-15T10:38:23.549702+00:00 - [POLL] Polling 1 pending spProducts reports (Attempt 5)...
2026-05-15T10:38:29.911093+00:00 - [POLL] Polling 1 pending spProducts reports (Attempt 6)...
2026-05-15T10:38:37.426329+00:00 - [POLL] Polling 1 pending spProducts reports (Attempt 7)...
2026-05-15T10:38:44.247188+00:00 - [POLL] Polling 1 pending spProducts reports (Attempt 8)...
2026-05-15T10:38:52.835347+00:00 - [POLL] Polling 1 pending spProducts reports (Attempt 9)...
2026-05-15T10:38:59.274889+00:00 - [POLL] Polling 1 pending spProducts reports (Attempt 10)...
2026-05-15T10:39:06.002385+00:00 - [POLL] Polling 1 pending spProducts reports (Attempt 11)...
2026-05-15T10:39:14.285153+00:00 - [POLL] Polling 1 pending spProducts reports (Attempt 12)...
2026-05-15T10:39:23.185945+00:00 - [POLL] Polling 1 pending spProducts reports (Attempt 13)...
2026-05-15T10:39:30.680203+00:00 - [POLL] Polling 1 pending spProducts reports (Attempt 14)...
2026-05-15T10:39:37.695348+00:00 - [POLL] Polling 1 pending spProducts reports (Attempt 15)...
2026-05-15T10:39:45.002793+00:00 - [POLL] Polling 1 pending spProducts reports (Attempt 16)...
2026-05-15T10:39:53.565766+00:00 - [POLL] Polling 1 pending spProducts reports (Attempt 17)...
2026-05-15T10:40:01.311194+00:00 - [POLL] Polling 1 pending spProducts reports (Attempt 18)...
2026-05-15T10:40:09.440378+00:00 - [POLL] Polling 1 pending spProducts reports (Attempt 19)...
2026-05-15T10:40:17.183724+00:00 - [POLL] Polling 1 pending spProducts reports (Attempt 20)...
2026-05-15T10:40:26.019046+00:00 - [POLL] Polling 1 pending spProducts reports (Attempt 21)...
2026-05-15T10:40:34.772729+00:00 - [POLL] Polling 1 pending spProducts reports (Attempt 22)...
2026-05-15T10:40:41.333750+00:00 - [POLL] Polling 1 pending spProducts reports (Attempt 23)...
2026-05-15T10:40:49.688086+00:00 - [POLL] Polling 1 pending spProducts reports (Attempt 24)...
2026-05-15T10:40:56.306039+00:00 - [POLL] Polling 1 pending spProducts reports (Attempt 25)...
2026-05-15T10:41:02.851027+00:00 - [POLL] Polling 1 pending spProducts reports (Attempt 26)...
2026-05-15T10:41:09.312500+00:00 - [POLL] Polling 1 pending spProducts reports (Attempt 27)...
2026-05-15T10:41:17.336422+00:00 - [POLL] Polling 1 pending spProducts reports (Attempt 28)...
2026-05-15T10:41:26.366603+00:00 - [POLL] Polling 1 pending spProducts reports (Attempt 29)...
2026-05-15T10:41:33.497299+00:00 - [POLL] Polling 1 pending spProducts reports (Attempt 30)...
2026-05-15T10:41:41.046051+00:00 - [POLL] Polling 1 pending spProducts reports (Attempt 31)...
2026-05-15T10:41:58.905425+00:00 - [POLL] Polling 1 pending spProducts reports (Attempt 32)...
2026-05-15T10:42:17.045640+00:00 - [POLL] Polling 1 pending spProducts reports (Attempt 33)...
2026-05-15T10:42:37.777206+00:00 - [POLL] Polling 1 pending spProducts reports (Attempt 34)...
2026-05-15T10:42:59.364685+00:00 - [POLL] Polling 1 pending spProducts reports (Attempt 35)...
2026-05-15T10:43:20.894122+00:00 - [POLL] Polling 1 pending spProducts reports (Attempt 36)...
2026-05-15T10:43:43.823637+00:00 - [POLL] Polling 1 pending spProducts reports (Attempt 37)...
2026-05-15T10:44:08.205085+00:00 - [POLL] Polling 1 pending spProducts reports (Attempt 38)...
2026-05-15T10:44:34.282706+00:00 - [POLL] Polling 1 pending spProducts reports (Attempt 39)...
2026-05-15T10:45:00.776737+00:00 - [POLL] Polling 1 pending spProducts reports (Attempt 40)...
2026-05-15T10:45:27.727556+00:00 - [POLL] Polling 1 pending spProducts reports (Attempt 41)...
2026-05-15T10:45:46.246174+00:00 - [POLL] Polling 1 pending spProducts reports (Attempt 42)...
2026-05-15T10:46:03.571325+00:00 - [POLL] Polling 1 pending spProducts reports (Attempt 43)...
2026-05-15T10:46:24.480984+00:00 - [POLL] Polling 1 pending spProducts reports (Attempt 44)...
2026-05-15T10:46:47.248061+00:00 - [POLL] Polling 1 pending spProducts reports (Attempt 45)...
2026-05-15T10:47:10.184643+00:00 - [POLL] Polling 1 pending spProducts reports (Attempt 46)...
2026-05-15T10:47:32.140425+00:00 - [POLL] Polling 1 pending spProducts reports (Attempt 47)...
2026-05-15T10:47:56.134208+00:00 - [POLL] Polling 1 pending spProducts reports (Attempt 48)...
2026-05-15T10:48:20.803594+00:00 - [POLL] Polling 1 pending spProducts reports (Attempt 49)...
2026-05-15T10:48:45.433861+00:00 - [POLL] Polling 1 pending spProducts reports (Attempt 50)...
2026-05-15T10:49:10.986973+00:00 - [POLL] Polling 1 pending spProducts reports (Attempt 51)...
2026-05-15T10:49:29.791648+00:00 - [POLL] Polling 1 pending spProducts reports (Attempt 52)...
2026-05-15T10:49:46.986262+00:00 - [POLL] Polling 1 pending spProducts reports (Attempt 53)...
2026-05-15T10:50:07.148551+00:00 - [POLL] Polling 1 pending spProducts reports (Attempt 54)...
2026-05-15T10:50:26.781440+00:00 - [POLL] Polling 1 pending spProducts reports (Attempt 55)...
2026-05-15T10:50:47.669031+00:00 - [POLL] Polling 1 pending spProducts reports (Attempt 56)...
2026-05-15T10:51:10.240115+00:00 - [POLL] Polling 1 pending spProducts reports (Attempt 57)...
2026-05-15T10:51:32.496062+00:00 - [POLL] Polling 1 pending spProducts reports (Attempt 58)...
2026-05-15T10:51:57.909627+00:00 - [POLL] Polling 1 pending spProducts reports (Attempt 59)...
2026-05-15T10:52:24.774593+00:00 - [POLL] Polling 1 pending spProducts reports (Attempt 60)...
2026-05-15T10:52:51.267929+00:00 - [POLL] Polling 1 pending spProducts reports (Attempt 61)...
2026-05-15T10:53:07.551534+00:00 - [POLL] Polling 1 pending spProducts reports (Attempt 62)...
2026-05-15T10:53:26.022923+00:00 - [POLL] Polling 1 pending spProducts reports (Attempt 63)...
2026-05-15T10:53:46.007839+00:00 - [POLL] Polling 1 pending spProducts reports (Attempt 64)...
2026-05-15T10:54:06.284375+00:00 - [POLL] Polling 1 pending spProducts reports (Attempt 65)...
2026-05-15T10:54:29.229638+00:00 - [POLL] Polling 1 pending spProducts reports (Attempt 66)...
2026-05-15T10:54:53.111818+00:00 - [POLL] Polling 1 pending spProducts reports (Attempt 67)...
2026-05-15T10:55:17.802486+00:00 - [POLL] Polling 1 pending spProducts reports (Attempt 68)...
2026-05-15T10:55:43.866238+00:00 - [POLL] Polling 1 pending spProducts reports (Attempt 69)...
2026-05-15T10:56:10.099097+00:00 - [POLL] Polling 1 pending spProducts reports (Attempt 70)...
2026-05-15T10:56:36.315654+00:00 - [POLL] Polling 1 pending spProducts reports (Attempt 71)...
2026-05-15T10:56:55.130692+00:00 - [POLL] Polling 1 pending spProducts reports (Attempt 72)...
2026-05-15T10:57:14.846348+00:00 - [POLL] Polling 1 pending spProducts reports (Attempt 73)...
2026-05-15T10:57:35.406879+00:00 - [POLL] Polling 1 pending spProducts reports (Attempt 74)...
2026-05-15T10:57:56.817559+00:00 - [POLL] Polling 1 pending spProducts reports (Attempt 75)...
2026-05-15T10:58:17.367637+00:00 - [POLL] Polling 1 pending spProducts reports (Attempt 76)...
2026-05-15T10:58:40.527254+00:00 - [POLL] Polling 1 pending spProducts reports (Attempt 77)...
2026-05-15T10:59:03.655687+00:00 - [POLL] Polling 1 pending spProducts reports (Attempt 78)...
2026-05-15T10:59:27.378080+00:00 - [POLL] Polling 1 pending spProducts reports (Attempt 79)...
2026-05-15T10:59:53.986140+00:00 - [POLL] Polling 1 pending spProducts reports (Attempt 80)...
2026-05-15T11:00:21.919367+00:00 - [POLL] Polling 1 pending spProducts reports (Attempt 81)...
2026-05-15T11:00:40.599647+00:00 - [POLL] Polling 1 pending spProducts reports (Attempt 82)...
2026-05-15T11:00:59.457001+00:00 - [POLL] Polling 1 pending spProducts reports (Attempt 83)...
2026-05-15T11:01:20.174512+00:00 - [POLL] Polling 1 pending spProducts reports (Attempt 84)...
2026-05-15T11:01:22.737424+00:00 - [DOWNLOAD] Synthesis complete for TRAMONTINA INDIA — IN — INR
2026-05-15T11:01:22.739842+00:00 - run_bulk_profiles returned 1 results
2026-05-15T11:01:23.345277+00:00 - Found 1 target profiles for ids [1420957209508026]
2026-05-15T11:01:23.345652+00:00 - Starting run_bulk_profiles for spProducts from 2026-05-12 to 2026-05-14
2026-05-15T11:01:23.346062+00:00 - [CREATE] Submitting spProducts report for TRAMONTINA INDIA — IN — INR (EU)
2026-05-15T11:01:25.844392+00:00 - [POLL] Polling 1 pending spProducts reports (Attempt 1)...
2026-05-15T11:01:33.390852+00:00 - [POLL] Polling 1 pending spProducts reports (Attempt 2)...
2026-05-15T11:01:40.180435+00:00 - [POLL] Polling 1 pending spProducts reports (Attempt 3)...
2026-05-15T11:01:49.137637+00:00 - [POLL] Polling 1 pending spProducts reports (Attempt 4)...
2026-05-15T11:01:57.747721+00:00 - [POLL] Polling 1 pending spProducts reports (Attempt 5)...
2026-05-15T11:02:04.019293+00:00 - [POLL] Polling 1 pending spProducts reports (Attempt 6)...
2026-05-15T11:02:13.004543+00:00 - [POLL] Polling 1 pending spProducts reports (Attempt 7)...
2026-05-15T11:02:20.663336+00:00 - [POLL] Polling 1 pending spProducts reports (Attempt 8)...
2026-05-15T11:02:27.480436+00:00 - [POLL] Polling 1 pending spProducts reports (Attempt 9)...
2026-05-15T11:02:36.084133+00:00 - [POLL] Polling 1 pending spProducts reports (Attempt 10)...
2026-05-15T11:02:43.246914+00:00 - [POLL] Polling 1 pending spProducts reports (Attempt 11)...
2026-05-15T11:02:50.025867+00:00 - [POLL] Polling 1 pending spProducts reports (Attempt 12)...
2026-05-15T11:02:56.823400+00:00 - [POLL] Polling 1 pending spProducts reports (Attempt 13)...
2026-05-15T11:03:03.319439+00:00 - [POLL] Polling 1 pending spProducts reports (Attempt 14)...
2026-05-15T11:03:11.628674+00:00 - [POLL] Polling 1 pending spProducts reports (Attempt 15)...
2026-05-15T11:03:19.615596+00:00 - [POLL] Polling 1 pending spProducts reports (Attempt 16)...
2026-05-15T11:03:26.075537+00:00 - [POLL] Polling 1 pending spProducts reports (Attempt 17)...
2026-05-15T11:03:32.231044+00:00 - [POLL] Polling 1 pending spProducts reports (Attempt 18)...
2026-05-15T11:03:39.378544+00:00 - [POLL] Polling 1 pending spProducts reports (Attempt 19)...
2026-05-15T11:03:47.580148+00:00 - [POLL] Polling 1 pending spProducts reports (Attempt 20)...
2026-05-15T11:03:53.713830+00:00 - [POLL] Polling 1 pending spProducts reports (Attempt 21)...
2026-05-15T11:04:00.858460+00:00 - [POLL] Polling 1 pending spProducts reports (Attempt 22)...
2026-05-15T11:04:07.746602+00:00 - [POLL] Polling 1 pending spProducts reports (Attempt 23)...
2026-05-15T11:04:15.277535+00:00 - [POLL] Polling 1 pending spProducts reports (Attempt 24)...
2026-05-15T11:04:22.018126+00:00 - [POLL] Polling 1 pending spProducts reports (Attempt 25)...
2026-05-15T11:04:29.943012+00:00 - [POLL] Polling 1 pending spProducts reports (Attempt 26)...
2026-05-15T11:04:38.083968+00:00 - [POLL] Polling 1 pending spProducts reports (Attempt 27)...
2026-05-15T11:04:44.747958+00:00 - [POLL] Polling 1 pending spProducts reports (Attempt 28)...
2026-05-15T11:04:53.044983+00:00 - [POLL] Polling 1 pending spProducts reports (Attempt 29)...
2026-05-15T11:05:00.520327+00:00 - [POLL] Polling 1 pending spProducts reports (Attempt 30)...
2026-05-15T11:05:06.894995+00:00 - [POLL] Polling 1 pending spProducts reports (Attempt 31)...
2026-05-15T11:05:23.809434+00:00 - [POLL] Polling 1 pending spProducts reports (Attempt 32)...
2026-05-15T11:05:40.785839+00:00 - [POLL] Polling 1 pending spProducts reports (Attempt 33)...
2026-05-15T11:06:00.974329+00:00 - [POLL] Polling 1 pending spProducts reports (Attempt 34)...
2026-05-15T11:06:22.882602+00:00 - [POLL] Polling 1 pending spProducts reports (Attempt 35)...
2026-05-15T11:06:45.411621+00:00 - [POLL] Polling 1 pending spProducts reports (Attempt 36)...
2026-05-15T11:07:24.047402+00:00 - Server (re)started
2026-05-15T11:08:08.520989+00:00 - Started background job e021dd3f3137 for spProducts
2026-05-15T11:08:08.526243+00:00 - [JOB e021dd3f3137] Found 1 target profiles for ids [1420957209508026]
2026-05-15T11:08:08.526838+00:00 - [JOB e021dd3f3137][CREATE] Submitting spProducts report for TRAMONTINA INDIA — IN — INR (EU)
2026-05-15T11:08:11.348826+00:00 - [JOB e021dd3f3137][POLL] Polling 1 pending spProducts reports (Attempt 1)...
2026-05-15T11:08:17.261213+00:00 - [JOB e021dd3f3137][POLL] Polling 1 pending spProducts reports (Attempt 2)...
2026-05-15T11:08:25.183812+00:00 - [JOB e021dd3f3137][POLL] Polling 1 pending spProducts reports (Attempt 3)...
2026-05-15T11:08:31.408973+00:00 - [JOB e021dd3f3137][POLL] Polling 1 pending spProducts reports (Attempt 4)...
2026-05-15T11:08:39.008737+00:00 - [JOB e021dd3f3137][POLL] Polling 1 pending spProducts reports (Attempt 5)...
2026-05-15T11:08:46.503912+00:00 - [JOB e021dd3f3137][POLL] Polling 1 pending spProducts reports (Attempt 6)...
2026-05-15T11:08:52.838720+00:00 - [JOB e021dd3f3137][POLL] Polling 1 pending spProducts reports (Attempt 7)...
2026-05-15T11:08:59.164539+00:00 - [JOB e021dd3f3137][POLL] Polling 1 pending spProducts reports (Attempt 8)...
2026-05-15T11:09:07.136748+00:00 - [JOB e021dd3f3137][POLL] Polling 1 pending spProducts reports (Attempt 9)...
2026-05-15T11:09:14.212931+00:00 - [JOB e021dd3f3137][POLL] Polling 1 pending spProducts reports (Attempt 10)...
2026-05-15T11:09:20.754278+00:00 - [JOB e021dd3f3137][POLL] Polling 1 pending spProducts reports (Attempt 11)...
2026-05-15T11:09:27.336432+00:00 - [JOB e021dd3f3137][POLL] Polling 1 pending spProducts reports (Attempt 12)...
2026-05-15T11:09:34.127853+00:00 - [JOB e021dd3f3137][POLL] Polling 1 pending spProducts reports (Attempt 13)...
2026-05-15T11:09:42.625723+00:00 - [JOB e021dd3f3137][POLL] Polling 1 pending spProducts reports (Attempt 14)...
2026-05-15T11:09:49.074217+00:00 - [JOB e021dd3f3137][POLL] Polling 1 pending spProducts reports (Attempt 15)...
2026-05-15T11:09:56.905742+00:00 - [JOB e021dd3f3137][POLL] Polling 1 pending spProducts reports (Attempt 16)...
2026-05-15T11:10:03.974512+00:00 - [JOB e021dd3f3137][POLL] Polling 1 pending spProducts reports (Attempt 17)...
2026-05-15T11:10:12.288416+00:00 - [JOB e021dd3f3137][POLL] Polling 1 pending spProducts reports (Attempt 18)...
2026-05-15T11:10:19.620765+00:00 - [JOB e021dd3f3137][POLL] Polling 1 pending spProducts reports (Attempt 19)...
2026-05-15T11:10:28.315329+00:00 - [JOB e021dd3f3137][POLL] Polling 1 pending spProducts reports (Attempt 20)...
2026-05-15T11:10:36.688358+00:00 - [JOB e021dd3f3137][POLL] Polling 1 pending spProducts reports (Attempt 21)...
2026-05-15T11:10:43.355301+00:00 - [JOB e021dd3f3137][POLL] Polling 1 pending spProducts reports (Attempt 22)...
2026-05-15T11:10:50.472929+00:00 - [JOB e021dd3f3137][POLL] Polling 1 pending spProducts reports (Attempt 23)...
2026-05-15T11:10:57.421689+00:00 - [JOB e021dd3f3137][POLL] Polling 1 pending spProducts reports (Attempt 24)...
2026-05-15T11:11:03.878608+00:00 - [JOB e021dd3f3137][POLL] Polling 1 pending spProducts reports (Attempt 25)...
2026-05-15T11:11:10.195805+00:00 - [JOB e021dd3f3137][POLL] Polling 1 pending spProducts reports (Attempt 26)...
2026-05-15T11:11:16.718131+00:00 - [JOB e021dd3f3137][POLL] Polling 1 pending spProducts reports (Attempt 27)...
2026-05-15T11:11:22.945366+00:00 - [JOB e021dd3f3137][POLL] Polling 1 pending spProducts reports (Attempt 28)...
2026-05-15T11:11:30.831417+00:00 - [JOB e021dd3f3137][POLL] Polling 1 pending spProducts reports (Attempt 29)...
2026-05-15T11:11:37.199204+00:00 - [JOB e021dd3f3137][POLL] Polling 1 pending spProducts reports (Attempt 30)...
2026-05-15T11:11:46.491083+00:00 - [JOB e021dd3f3137][POLL] Polling 1 pending spProducts reports (Attempt 31)...
2026-05-15T11:12:02.648014+00:00 - [JOB e021dd3f3137][POLL] Polling 1 pending spProducts reports (Attempt 32)...
2026-05-15T11:12:19.619973+00:00 - [JOB e021dd3f3137][POLL] Polling 1 pending spProducts reports (Attempt 33)...
2026-05-15T11:12:38.173776+00:00 - [JOB e021dd3f3137][POLL] Polling 1 pending spProducts reports (Attempt 34)...
2026-05-15T11:12:59.333450+00:00 - [JOB e021dd3f3137][POLL] Polling 1 pending spProducts reports (Attempt 35)...
2026-05-15T11:13:21.553931+00:00 - [JOB e021dd3f3137][POLL] Polling 1 pending spProducts reports (Attempt 36)...
2026-05-15T11:13:42.602335+00:00 - [JOB e021dd3f3137][POLL] Polling 1 pending spProducts reports (Attempt 37)...
2026-05-15T11:14:05.135654+00:00 - [JOB e021dd3f3137][POLL] Polling 1 pending spProducts reports (Attempt 38)...
2026-05-15T11:14:29.647828+00:00 - [JOB e021dd3f3137][POLL] Polling 1 pending spProducts reports (Attempt 39)...
2026-05-15T11:14:54.732431+00:00 - [JOB e021dd3f3137][POLL] Polling 1 pending spProducts reports (Attempt 40)...
2026-05-15T11:15:21.798698+00:00 - [JOB e021dd3f3137][POLL] Polling 1 pending spProducts reports (Attempt 41)...
2026-05-15T11:15:38.062035+00:00 - [JOB e021dd3f3137][POLL] Polling 1 pending spProducts reports (Attempt 42)...
2026-05-15T11:15:56.164379+00:00 - [JOB e021dd3f3137][POLL] Polling 1 pending spProducts reports (Attempt 43)...
2026-05-15T11:16:16.485654+00:00 - [JOB e021dd3f3137][POLL] Polling 1 pending spProducts reports (Attempt 44)...
2026-05-15T11:16:36.828265+00:00 - [JOB e021dd3f3137][POLL] Polling 1 pending spProducts reports (Attempt 45)...
2026-05-15T11:16:57.725281+00:00 - [JOB e021dd3f3137][POLL] Polling 1 pending spProducts reports (Attempt 46)...
2026-05-15T11:17:21.581999+00:00 - [JOB e021dd3f3137][POLL] Polling 1 pending spProducts reports (Attempt 47)...
2026-05-15T11:17:43.700223+00:00 - Started background job 576314eed981 for spProducts
2026-05-15T11:17:43.703555+00:00 - [JOB 576314eed981] Found 1 target profiles for ids [1420957209508026]
2026-05-15T11:17:43.704501+00:00 - [JOB 576314eed981][CREATE] Submitting spProducts report for TRAMONTINA INDIA — IN — INR (EU)
2026-05-15T11:17:44.495297+00:00 - [JOB e021dd3f3137][POLL] Polling 1 pending spProducts reports (Attempt 48)...
2026-05-15T11:17:46.437461+00:00 - [JOB 576314eed981][POLL] Polling 1 pending spProducts reports (Attempt 1)...
2026-05-15T11:17:54.720958+00:00 - [JOB 576314eed981][POLL] Polling 1 pending spProducts reports (Attempt 2)...
2026-05-15T11:18:06.324258+00:00 - [JOB 576314eed981][POLL] Polling 1 pending spProducts reports (Attempt 3)...
2026-05-15T11:18:10.124076+00:00 - [JOB e021dd3f3137][POLL] Polling 1 pending spProducts reports (Attempt 49)...
2026-05-15T11:18:14.405975+00:00 - [JOB 576314eed981][POLL] Polling 1 pending spProducts reports (Attempt 4)...
2026-05-15T11:18:23.032072+00:00 - [JOB 576314eed981][POLL] Polling 1 pending spProducts reports (Attempt 5)...
2026-05-15T11:18:31.653947+00:00 - [JOB 576314eed981][POLL] Polling 1 pending spProducts reports (Attempt 6)...
2026-05-15T11:18:35.904510+00:00 - [JOB e021dd3f3137][POLL] Polling 1 pending spProducts reports (Attempt 50)...
2026-05-15T11:18:40.504520+00:00 - [JOB 576314eed981][POLL] Polling 1 pending spProducts reports (Attempt 7)...
2026-05-15T11:18:48.386306+00:00 - [JOB 576314eed981][POLL] Polling 1 pending spProducts reports (Attempt 8)...
2026-05-15T11:18:55.877857+00:00 - [JOB 576314eed981][POLL] Polling 1 pending spProducts reports (Attempt 9)...
2026-05-15T11:19:02.827945+00:00 - [JOB e021dd3f3137][POLL] Polling 1 pending spProducts reports (Attempt 51)...
2026-05-15T11:19:04.226842+00:00 - [JOB 576314eed981][POLL] Polling 1 pending spProducts reports (Attempt 10)...
2026-05-15T11:19:13.095319+00:00 - [JOB 576314eed981][POLL] Polling 1 pending spProducts reports (Attempt 11)...
2026-05-15T11:19:21.023896+00:00 - [JOB e021dd3f3137][POLL] Polling 1 pending spProducts reports (Attempt 52)...
2026-05-15T11:19:21.521663+00:00 - [JOB 576314eed981][POLL] Polling 1 pending spProducts reports (Attempt 12)...
2026-05-15T11:19:29.176265+00:00 - [JOB 576314eed981][POLL] Polling 1 pending spProducts reports (Attempt 13)...
2026-05-15T11:19:37.438853+00:00 - [JOB 576314eed981][POLL] Polling 1 pending spProducts reports (Attempt 14)...
2026-05-15T11:19:40.285070+00:00 - [JOB e021dd3f3137][POLL] Polling 1 pending spProducts reports (Attempt 53)...
2026-05-15T11:19:45.313791+00:00 - [JOB 576314eed981][POLL] Polling 1 pending spProducts reports (Attempt 15)...
2026-05-15T11:19:52.267564+00:00 - [JOB 576314eed981][POLL] Polling 1 pending spProducts reports (Attempt 16)...
2026-05-15T11:19:58.781497+00:00 - [JOB e021dd3f3137][POLL] Polling 1 pending spProducts reports (Attempt 54)...
2026-05-15T11:19:59.632679+00:00 - [JOB 576314eed981][POLL] Polling 1 pending spProducts reports (Attempt 17)...
2026-05-15T11:20:07.645389+00:00 - [JOB 576314eed981][POLL] Polling 1 pending spProducts reports (Attempt 18)...
2026-05-15T11:20:15.390470+00:00 - [JOB 576314eed981][POLL] Polling 1 pending spProducts reports (Attempt 19)...
2026-05-15T11:20:18.234057+00:00 - [JOB e021dd3f3137][POLL] Polling 1 pending spProducts reports (Attempt 55)...
2026-05-15T11:20:22.721973+00:00 - [JOB 576314eed981][POLL] Polling 1 pending spProducts reports (Attempt 20)...
2026-05-15T11:20:29.557257+00:00 - [JOB 576314eed981][POLL] Polling 1 pending spProducts reports (Attempt 21)...
2026-05-15T11:20:38.204528+00:00 - [JOB 576314eed981][POLL] Polling 1 pending spProducts reports (Attempt 22)...
2026-05-15T11:20:40.740791+00:00 - [JOB e021dd3f3137][POLL] Polling 1 pending spProducts reports (Attempt 56)...
2026-05-15T11:20:45.944966+00:00 - [JOB 576314eed981][POLL] Polling 1 pending spProducts reports (Attempt 23)...
2026-05-15T11:20:52.161990+00:00 - [JOB 576314eed981][POLL] Polling 1 pending spProducts reports (Attempt 24)...
2026-05-15T11:20:58.582000+00:00 - [JOB 576314eed981][POLL] Polling 1 pending spProducts reports (Attempt 25)...
2026-05-15T11:21:03.470964+00:00 - [JOB e021dd3f3137][POLL] Polling 1 pending spProducts reports (Attempt 57)...
2026-05-15T11:21:07.486618+00:00 - [JOB 576314eed981][POLL] Polling 1 pending spProducts reports (Attempt 26)...
2026-05-15T11:21:16.576560+00:00 - [JOB 576314eed981][POLL] Polling 1 pending spProducts reports (Attempt 27)...
2026-05-15T11:21:24.820837+00:00 - [JOB 576314eed981][POLL] Polling 1 pending spProducts reports (Attempt 28)...
2026-05-15T11:21:26.918657+00:00 - [JOB e021dd3f3137][POLL] Polling 1 pending spProducts reports (Attempt 58)...
2026-05-15T11:21:32.635003+00:00 - [JOB 576314eed981][POLL] Polling 1 pending spProducts reports (Attempt 29)...
2026-05-15T11:21:41.596101+00:00 - [JOB 576314eed981][POLL] Polling 1 pending spProducts reports (Attempt 30)...
2026-05-15T11:21:49.782952+00:00 - [JOB 576314eed981][POLL] Polling 1 pending spProducts reports (Attempt 31)...
2026-05-15T11:21:51.595395+00:00 - [JOB e021dd3f3137][POLL] Polling 1 pending spProducts reports (Attempt 59)...
2026-05-15T11:22:07.496062+00:00 - [JOB 576314eed981][POLL] Polling 1 pending spProducts reports (Attempt 32)...
2026-05-15T11:22:18.267006+00:00 - [JOB e021dd3f3137][POLL] Polling 1 pending spProducts reports (Attempt 60)...
2026-05-15T11:22:27.556331+00:00 - [JOB 576314eed981][POLL] Polling 1 pending spProducts reports (Attempt 33)...
2026-05-15T11:22:43.735375+00:00 - [JOB e021dd3f3137][POLL] Polling 1 pending spProducts reports (Attempt 61)...
2026-05-15T11:22:46.195161+00:00 - [JOB 576314eed981][POLL] Polling 1 pending spProducts reports (Attempt 34)...
2026-05-15T11:22:46.320942+00:00 - [JOB e021dd3f3137][DOWNLOAD] Synthesis complete for TRAMONTINA INDIA — IN — INR
2026-05-15T11:22:46.323185+00:00 - [JOB e021dd3f3137] run_bulk_profiles returned 1 results
2026-05-15T11:23:05.364877+00:00 - [JOB 576314eed981][POLL] Polling 1 pending spProducts reports (Attempt 35)...
2026-05-15T11:23:25.763627+00:00 - [JOB 576314eed981][POLL] Polling 1 pending spProducts reports (Attempt 36)...
2026-05-15T11:23:48.226839+00:00 - [JOB 576314eed981][POLL] Polling 1 pending spProducts reports (Attempt 37)...
2026-05-15T11:24:11.592932+00:00 - [JOB 576314eed981][POLL] Polling 1 pending spProducts reports (Attempt 38)...
2026-05-15T11:24:34.861585+00:00 - [JOB 576314eed981][POLL] Polling 1 pending spProducts reports (Attempt 39)...
2026-05-15T11:24:59.121025+00:00 - [JOB 576314eed981][POLL] Polling 1 pending spProducts reports (Attempt 40)...
2026-05-15T11:25:26.888856+00:00 - [JOB 576314eed981][POLL] Polling 1 pending spProducts reports (Attempt 41)...
2026-05-15T11:25:45.266355+00:00 - [JOB 576314eed981][POLL] Polling 1 pending spProducts reports (Attempt 42)...
2026-05-15T11:26:02.642234+00:00 - [JOB 576314eed981][POLL] Polling 1 pending spProducts reports (Attempt 43)...
2026-05-15T11:26:21.158581+00:00 - [JOB 576314eed981][POLL] Polling 1 pending spProducts reports (Attempt 44)...
2026-05-15T11:26:43.147712+00:00 - [JOB 576314eed981][POLL] Polling 1 pending spProducts reports (Attempt 45)...
2026-05-15T11:27:04.691581+00:00 - [JOB 576314eed981][POLL] Polling 1 pending spProducts reports (Attempt 46)...
2026-05-15T11:27:25.983804+00:00 - [JOB 576314eed981][POLL] Polling 1 pending spProducts reports (Attempt 47)...
2026-05-15T11:27:48.738448+00:00 - [JOB 576314eed981][POLL] Polling 1 pending spProducts reports (Attempt 48)...
2026-05-15T11:28:12.850529+00:00 - [JOB 576314eed981][POLL] Polling 1 pending spProducts reports (Attempt 49)...
2026-05-15T11:28:38.820888+00:00 - [JOB 576314eed981][POLL] Polling 1 pending spProducts reports (Attempt 50)...
2026-05-15T11:29:03.855432+00:00 - [JOB 576314eed981][POLL] Polling 1 pending spProducts reports (Attempt 51)...
2026-05-15T11:29:21.708000+00:00 - [JOB 576314eed981][POLL] Polling 1 pending spProducts reports (Attempt 52)...
2026-05-15T11:29:39.798706+00:00 - [JOB 576314eed981][POLL] Polling 1 pending spProducts reports (Attempt 53)...
2026-05-15T11:29:59.856778+00:00 - [JOB 576314eed981][POLL] Polling 1 pending spProducts reports (Attempt 54)...
2026-05-15T11:30:20.837979+00:00 - [JOB 576314eed981][POLL] Polling 1 pending spProducts reports (Attempt 55)...
2026-05-15T11:30:41.249077+00:00 - [JOB 576314eed981][POLL] Polling 1 pending spProducts reports (Attempt 56)...
2026-05-15T11:31:03.402902+00:00 - [JOB 576314eed981][POLL] Polling 1 pending spProducts reports (Attempt 57)...
2026-05-15T11:31:28.141706+00:00 - [JOB 576314eed981][POLL] Polling 1 pending spProducts reports (Attempt 58)...
2026-05-15T11:31:52.153498+00:00 - [JOB 576314eed981][POLL] Polling 1 pending spProducts reports (Attempt 59)...
2026-05-15T11:32:18.471533+00:00 - [JOB 576314eed981][POLL] Polling 1 pending spProducts reports (Attempt 60)...
2026-05-15T11:32:43.956769+00:00 - [JOB 576314eed981][POLL] Polling 1 pending spProducts reports (Attempt 61)...
2026-05-15T11:33:02.396204+00:00 - [JOB 576314eed981][POLL] Polling 1 pending spProducts reports (Attempt 62)...
2026-05-15T11:33:22.486323+00:00 - [JOB 576314eed981][POLL] Polling 1 pending spProducts reports (Attempt 63)...
2026-05-15T11:33:43.318369+00:00 - [JOB 576314eed981][POLL] Polling 1 pending spProducts reports (Attempt 64)...
2026-05-15T11:34:02.541514+00:00 - [JOB 576314eed981][POLL] Polling 1 pending spProducts reports (Attempt 65)...
2026-05-15T11:34:24.370366+00:00 - [JOB 576314eed981][POLL] Polling 1 pending spProducts reports (Attempt 66)...
2026-05-15T11:34:47.628112+00:00 - [JOB 576314eed981][POLL] Polling 1 pending spProducts reports (Attempt 67)...
2026-05-15T11:35:11.480536+00:00 - [JOB 576314eed981][POLL] Polling 1 pending spProducts reports (Attempt 68)...
2026-05-15T11:35:36.523878+00:00 - [JOB 576314eed981][POLL] Polling 1 pending spProducts reports (Attempt 69)...
2026-05-15T11:36:01.844584+00:00 - [JOB 576314eed981][POLL] Polling 1 pending spProducts reports (Attempt 70)...
2026-05-15T11:36:04.629652+00:00 - [JOB 576314eed981][DOWNLOAD] Synthesis complete for TRAMONTINA INDIA — IN — INR
2026-05-15T11:36:04.631759+00:00 - [JOB 576314eed981] run_bulk_profiles returned 1 results
2026-05-16T06:08:43.047227+00:00 - Started background job 9cde889d7892 for spProducts
2026-05-16T06:08:43.051386+00:00 - [JOB 9cde889d7892] Found 1 target profiles for ids [1420957209508026]
2026-05-16T06:08:43.053264+00:00 - [JOB 9cde889d7892][CREATE] Submitting spProducts report for TRAMONTINA INDIA — IN — INR (EU)
2026-05-16T06:08:46.519705+00:00 - [JOB 9cde889d7892][POLL] Polling 1 pending spProducts reports (Attempt 1)...
2026-05-16T06:08:54.444256+00:00 - [JOB 9cde889d7892][POLL] Polling 1 pending spProducts reports (Attempt 2)...
2026-05-16T06:09:02.616180+00:00 - [JOB 9cde889d7892][POLL] Polling 1 pending spProducts reports (Attempt 3)...
2026-05-16T06:09:10.690328+00:00 - [JOB 9cde889d7892][POLL] Polling 1 pending spProducts reports (Attempt 4)...
2026-05-16T06:09:17.967731+00:00 - [JOB 9cde889d7892][POLL] Polling 1 pending spProducts reports (Attempt 5)...
2026-05-16T06:09:26.812692+00:00 - [JOB 9cde889d7892][POLL] Polling 1 pending spProducts reports (Attempt 6)...
2026-05-16T06:09:33.892222+00:00 - [JOB 9cde889d7892][POLL] Polling 1 pending spProducts reports (Attempt 7)...
2026-05-16T06:09:42.109129+00:00 - [JOB 9cde889d7892][POLL] Polling 1 pending spProducts reports (Attempt 8)...
2026-05-16T06:09:49.744153+00:00 - [JOB 9cde889d7892][POLL] Polling 1 pending spProducts reports (Attempt 9)...
2026-05-16T06:09:57.801596+00:00 - [JOB 9cde889d7892][POLL] Polling 1 pending spProducts reports (Attempt 10)...
2026-05-16T06:10:04.605007+00:00 - [JOB 9cde889d7892][POLL] Polling 1 pending spProducts reports (Attempt 11)...
2026-05-16T06:10:12.704583+00:00 - [JOB 9cde889d7892][POLL] Polling 1 pending spProducts reports (Attempt 12)...
2026-05-16T06:10:20.650761+00:00 - [JOB 9cde889d7892][POLL] Polling 1 pending spProducts reports (Attempt 13)...
2026-05-16T06:10:29.488105+00:00 - [JOB 9cde889d7892][POLL] Polling 1 pending spProducts reports (Attempt 14)...
2026-05-16T06:10:37.900837+00:00 - [JOB 9cde889d7892][POLL] Polling 1 pending spProducts reports (Attempt 15)...
2026-05-16T06:10:46.959649+00:00 - [JOB 9cde889d7892][POLL] Polling 1 pending spProducts reports (Attempt 16)...
2026-05-16T06:10:55.594712+00:00 - [JOB 9cde889d7892][POLL] Polling 1 pending spProducts reports (Attempt 17)...
2026-05-16T06:10:58.395800+00:00 - [JOB 9cde889d7892][DOWNLOAD] Synthesis complete for TRAMONTINA INDIA — IN — INR
2026-05-16T06:10:58.397585+00:00 - [JOB 9cde889d7892] run_bulk_profiles returned 1 results
2026-05-16T11:36:55.343101+00:00 - Server (re)started
2026-05-16T11:40:45.952712+00:00 - Started background job 7dc1595cf9b6 for spCampaigns
2026-05-16T11:40:45.956902+00:00 - [JOB 7dc1595cf9b6] Found 1 target profiles for ids [1420957209508026]
2026-05-16T11:40:45.957540+00:00 - [JOB 7dc1595cf9b6][CREATE] Submitting spCampaigns report for TRAMONTINA INDIA — IN — INR (EU)
2026-05-16T11:40:45.958658+00:00 - [JOB 7dc1595cf9b6][ERROR] Failed to start spCampaigns report for TRAMONTINA INDIA — IN — INR (EU): Using http2=True, but the 'h2' package is not installed. Make sure to install httpx using `pip install httpx[http2]`.
2026-05-16T11:40:45.959033+00:00 - [JOB 7dc1595cf9b6] run_bulk_profiles returned 0 results
2026-05-16T11:41:01.729373+00:00 - Started background job 8d6d655b0ff7 for spCampaigns
2026-05-16T11:41:01.733369+00:00 - [JOB 8d6d655b0ff7] Found 1 target profiles for ids [1420957209508026]
2026-05-16T11:41:01.734131+00:00 - [JOB 8d6d655b0ff7][CREATE] Submitting spCampaigns report for TRAMONTINA INDIA — IN — INR (EU)
2026-05-16T11:41:01.735525+00:00 - [JOB 8d6d655b0ff7][ERROR] Failed to start spCampaigns report for TRAMONTINA INDIA — IN — INR (EU): Using http2=True, but the 'h2' package is not installed. Make sure to install httpx using `pip install httpx[http2]`.
2026-05-16T11:41:01.736093+00:00 - [JOB 8d6d655b0ff7] run_bulk_profiles returned 0 results
2026-05-16T11:41:12.386565+00:00 - Started background job 3b14fcc8afc5 for spAdGroups
2026-05-16T11:41:12.390519+00:00 - [JOB 3b14fcc8afc5] Found 1 target profiles for ids [1420957209508026]
2026-05-16T11:41:12.391190+00:00 - [JOB 3b14fcc8afc5][CREATE] Submitting spAdGroups report for TRAMONTINA INDIA — IN — INR (EU)
2026-05-16T11:41:12.392656+00:00 - [JOB 3b14fcc8afc5][ERROR] Failed to start spAdGroups report for TRAMONTINA INDIA — IN — INR (EU): Using http2=True, but the 'h2' package is not installed. Make sure to install httpx using `pip install httpx[http2]`.
2026-05-16T11:41:12.393117+00:00 - [JOB 3b14fcc8afc5] run_bulk_profiles returned 0 results
2026-05-16T11:42:20.329392+00:00 - Server (re)started
2026-05-16T11:42:38.828708+00:00 - Server (re)started
2026-05-16T11:43:14.427371+00:00 - Server (re)started
2026-05-16T11:44:07.664713+00:00 - Started background job b230c661b8ca for spCampaigns
2026-05-16T11:44:07.669870+00:00 - [JOB b230c661b8ca] Found 1 target profiles for ids [1420957209508026]
2026-05-16T11:44:07.670706+00:00 - [JOB b230c661b8ca][CREATE] Submitting spCampaigns report for TRAMONTINA INDIA — IN — INR (EU)
2026-05-16T11:44:10.739158+00:00 - [JOB b230c661b8ca][POLL] Polling 1 pending spCampaigns reports (Attempt 1)...
2026-05-16T11:44:18.897097+00:00 - [JOB b230c661b8ca][POLL] Polling 1 pending spCampaigns reports (Attempt 2)...
2026-05-16T11:44:25.801810+00:00 - [JOB b230c661b8ca][POLL] Polling 1 pending spCampaigns reports (Attempt 3)...
2026-05-16T11:44:32.361408+00:00 - [JOB b230c661b8ca][POLL] Polling 1 pending spCampaigns reports (Attempt 4)...
2026-05-16T11:44:40.633631+00:00 - [JOB b230c661b8ca][POLL] Polling 1 pending spCampaigns reports (Attempt 5)...
2026-05-16T11:44:49.399769+00:00 - [JOB b230c661b8ca][POLL] Polling 1 pending spCampaigns reports (Attempt 6)...
2026-05-16T11:44:58.369195+00:00 - [JOB b230c661b8ca][POLL] Polling 1 pending spCampaigns reports (Attempt 7)...
2026-05-16T11:45:06.214743+00:00 - [JOB b230c661b8ca][POLL] Polling 1 pending spCampaigns reports (Attempt 8)...
2026-05-16T11:45:14.782861+00:00 - [JOB b230c661b8ca][POLL] Polling 1 pending spCampaigns reports (Attempt 9)...
2026-05-16T11:45:22.349152+00:00 - [JOB b230c661b8ca][POLL] Polling 1 pending spCampaigns reports (Attempt 10)...
2026-05-16T11:45:29.563123+00:00 - [JOB b230c661b8ca][POLL] Polling 1 pending spCampaigns reports (Attempt 11)...
2026-05-16T11:45:38.402733+00:00 - [JOB b230c661b8ca][POLL] Polling 1 pending spCampaigns reports (Attempt 12)...
2026-05-16T11:45:45.033134+00:00 - [JOB b230c661b8ca][POLL] Polling 1 pending spCampaigns reports (Attempt 13)...
2026-05-16T11:45:52.861207+00:00 - [JOB b230c661b8ca][POLL] Polling 1 pending spCampaigns reports (Attempt 14)...
2026-05-16T11:46:00.957173+00:00 - [JOB b230c661b8ca][POLL] Polling 1 pending spCampaigns reports (Attempt 15)...
2026-05-16T11:46:09.258695+00:00 - [JOB b230c661b8ca][POLL] Polling 1 pending spCampaigns reports (Attempt 16)...
2026-05-16T11:46:17.938725+00:00 - [JOB b230c661b8ca][POLL] Polling 1 pending spCampaigns reports (Attempt 17)...
2026-05-16T11:46:26.520156+00:00 - [JOB b230c661b8ca][POLL] Polling 1 pending spCampaigns reports (Attempt 18)...
2026-05-16T11:46:35.343533+00:00 - [JOB b230c661b8ca][POLL] Polling 1 pending spCampaigns reports (Attempt 19)...
2026-05-16T11:46:44.189952+00:00 - [JOB b230c661b8ca][POLL] Polling 1 pending spCampaigns reports (Attempt 20)...
2026-05-16T11:46:51.966347+00:00 - [JOB b230c661b8ca][POLL] Polling 1 pending spCampaigns reports (Attempt 21)...
2026-05-16T11:46:59.397097+00:00 - [JOB b230c661b8ca][POLL] Polling 1 pending spCampaigns reports (Attempt 22)...
2026-05-16T11:47:06.132746+00:00 - [JOB b230c661b8ca][POLL] Polling 1 pending spCampaigns reports (Attempt 23)...
2026-05-16T11:47:13.829352+00:00 - [JOB b230c661b8ca][POLL] Polling 1 pending spCampaigns reports (Attempt 24)...
2026-05-16T11:47:22.119098+00:00 - [JOB b230c661b8ca][POLL] Polling 1 pending spCampaigns reports (Attempt 25)...
2026-05-16T11:47:30.975065+00:00 - [JOB b230c661b8ca][POLL] Polling 1 pending spCampaigns reports (Attempt 26)...
2026-05-16T11:47:38.122916+00:00 - [JOB b230c661b8ca][POLL] Polling 1 pending spCampaigns reports (Attempt 27)...
2026-05-16T11:47:45.397415+00:00 - [JOB b230c661b8ca][POLL] Polling 1 pending spCampaigns reports (Attempt 28)...
2026-05-16T11:47:51.965310+00:00 - [JOB b230c661b8ca][POLL] Polling 1 pending spCampaigns reports (Attempt 29)...
2026-05-16T11:48:00.884858+00:00 - [JOB b230c661b8ca][POLL] Polling 1 pending spCampaigns reports (Attempt 30)...
2026-05-16T11:48:08.853409+00:00 - [JOB b230c661b8ca][POLL] Polling 1 pending spCampaigns reports (Attempt 31)...
2026-05-16T11:48:27.156609+00:00 - [JOB b230c661b8ca][POLL] Polling 1 pending spCampaigns reports (Attempt 32)...
2026-05-16T11:48:45.581865+00:00 - [JOB b230c661b8ca][POLL] Polling 1 pending spCampaigns reports (Attempt 33)...
2026-05-16T11:49:06.371179+00:00 - [JOB b230c661b8ca][POLL] Polling 1 pending spCampaigns reports (Attempt 34)...
2026-05-16T11:49:27.754255+00:00 - [JOB b230c661b8ca][POLL] Polling 1 pending spCampaigns reports (Attempt 35)...
2026-05-16T11:49:49.179713+00:00 - [JOB b230c661b8ca][POLL] Polling 1 pending spCampaigns reports (Attempt 36)...
2026-05-16T11:50:11.891999+00:00 - [JOB b230c661b8ca][POLL] Polling 1 pending spCampaigns reports (Attempt 37)...
2026-05-16T11:50:35.489548+00:00 - [JOB b230c661b8ca][POLL] Polling 1 pending spCampaigns reports (Attempt 38)...
2026-05-16T11:51:00.828769+00:00 - [JOB b230c661b8ca][POLL] Polling 1 pending spCampaigns reports (Attempt 39)...
2026-05-16T11:51:26.181055+00:00 - [JOB b230c661b8ca][POLL] Polling 1 pending spCampaigns reports (Attempt 40)...
2026-05-16T11:51:52.026544+00:00 - [JOB b230c661b8ca][POLL] Polling 1 pending spCampaigns reports (Attempt 41)...
2026-05-16T11:52:08.825973+00:00 - [JOB b230c661b8ca][POLL] Polling 1 pending spCampaigns reports (Attempt 42)...
2026-05-16T11:52:28.152776+00:00 - [JOB b230c661b8ca][POLL] Polling 1 pending spCampaigns reports (Attempt 43)...
2026-05-16T11:52:48.693571+00:00 - [JOB b230c661b8ca][POLL] Polling 1 pending spCampaigns reports (Attempt 44)...
2026-05-16T11:53:08.468715+00:00 - [JOB b230c661b8ca][POLL] Polling 1 pending spCampaigns reports (Attempt 45)...
2026-05-16T11:53:31.482367+00:00 - [JOB b230c661b8ca][POLL] Polling 1 pending spCampaigns reports (Attempt 46)...
2026-05-16T11:53:54.337380+00:00 - [JOB b230c661b8ca][POLL] Polling 1 pending spCampaigns reports (Attempt 47)...
2026-05-16T11:54:17.345063+00:00 - [JOB b230c661b8ca][POLL] Polling 1 pending spCampaigns reports (Attempt 48)...
2026-05-16T11:54:41.037545+00:00 - [JOB b230c661b8ca][POLL] Polling 1 pending spCampaigns reports (Attempt 49)...
2026-05-16T11:55:07.946644+00:00 - [JOB b230c661b8ca][POLL] Polling 1 pending spCampaigns reports (Attempt 50)...
2026-05-16T11:55:34.881317+00:00 - [JOB b230c661b8ca][POLL] Polling 1 pending spCampaigns reports (Attempt 51)...
2026-05-16T11:55:51.166949+00:00 - [JOB b230c661b8ca][POLL] Polling 1 pending spCampaigns reports (Attempt 52)...
2026-05-16T11:56:09.043387+00:00 - [JOB b230c661b8ca][POLL] Polling 1 pending spCampaigns reports (Attempt 53)...
2026-05-16T11:56:11.284110+00:00 - [JOB b230c661b8ca][DOWNLOAD] Synthesis complete for TRAMONTINA INDIA — IN — INR
2026-05-16T11:56:11.286287+00:00 - [JOB b230c661b8ca] run_bulk_profiles returned 1 results
2026-05-16T12:04:48.192832+00:00 - Started background job 5339f04a9429 for spCampaigns
2026-05-16T12:04:48.196993+00:00 - [JOB 5339f04a9429] Found 1 target profiles for ids [1420957209508026]
2026-05-16T12:04:48.197876+00:00 - [JOB 5339f04a9429][CREATE] Submitting spCampaigns report for TRAMONTINA INDIA — IN — INR (EU)
2026-05-16T12:04:50.905257+00:00 - [JOB 5339f04a9429][POLL] Polling 1 pending spCampaigns reports (Attempt 1)...
2026-05-16T12:04:57.627199+00:00 - [JOB 5339f04a9429][POLL] Polling 1 pending spCampaigns reports (Attempt 2)...
2026-05-16T12:05:04.071684+00:00 - [JOB 5339f04a9429][POLL] Polling 1 pending spCampaigns reports (Attempt 3)...
2026-05-16T12:05:10.941951+00:00 - [JOB 5339f04a9429][POLL] Polling 1 pending spCampaigns reports (Attempt 4)...
2026-05-16T12:05:19.595598+00:00 - [JOB 5339f04a9429][POLL] Polling 1 pending spCampaigns reports (Attempt 5)...
2026-05-16T12:05:28.127877+00:00 - [JOB 5339f04a9429][POLL] Polling 1 pending spCampaigns reports (Attempt 6)...
2026-05-16T12:05:36.656351+00:00 - [JOB 5339f04a9429][POLL] Polling 1 pending spCampaigns reports (Attempt 7)...
2026-05-16T12:05:44.645756+00:00 - [JOB 5339f04a9429][POLL] Polling 1 pending spCampaigns reports (Attempt 8)...
2026-05-16T12:05:51.456002+00:00 - [JOB 5339f04a9429][POLL] Polling 1 pending spCampaigns reports (Attempt 9)...
2026-05-16T12:05:58.336086+00:00 - [JOB 5339f04a9429][POLL] Polling 1 pending spCampaigns reports (Attempt 10)...
2026-05-16T12:06:05.181031+00:00 - [JOB 5339f04a9429][POLL] Polling 1 pending spCampaigns reports (Attempt 11)...
2026-05-16T12:06:12.579414+00:00 - [JOB 5339f04a9429][POLL] Polling 1 pending spCampaigns reports (Attempt 12)...
2026-05-16T12:06:20.069237+00:00 - [JOB 5339f04a9429][POLL] Polling 1 pending spCampaigns reports (Attempt 13)...
2026-05-16T12:06:28.403052+00:00 - [JOB 5339f04a9429][POLL] Polling 1 pending spCampaigns reports (Attempt 14)...
2026-05-16T12:06:35.676660+00:00 - [JOB 5339f04a9429][POLL] Polling 1 pending spCampaigns reports (Attempt 15)...
2026-05-16T12:06:43.867933+00:00 - [JOB 5339f04a9429][POLL] Polling 1 pending spCampaigns reports (Attempt 16)...
2026-05-16T12:06:52.675181+00:00 - [JOB 5339f04a9429][POLL] Polling 1 pending spCampaigns reports (Attempt 17)...
2026-05-16T12:07:01.488823+00:00 - [JOB 5339f04a9429][POLL] Polling 1 pending spCampaigns reports (Attempt 18)...
2026-05-16T12:07:08.980306+00:00 - [JOB 5339f04a9429][POLL] Polling 1 pending spCampaigns reports (Attempt 19)...
2026-05-16T12:07:18.085910+00:00 - [JOB 5339f04a9429][POLL] Polling 1 pending spCampaigns reports (Attempt 20)...
2026-05-16T12:07:27.252842+00:00 - [JOB 5339f04a9429][POLL] Polling 1 pending spCampaigns reports (Attempt 21)...
2026-05-16T12:07:35.251818+00:00 - [JOB 5339f04a9429][POLL] Polling 1 pending spCampaigns reports (Attempt 22)...
2026-05-16T12:07:42.150992+00:00 - [JOB 5339f04a9429][POLL] Polling 1 pending spCampaigns reports (Attempt 23)...
2026-05-16T12:07:50.366422+00:00 - [JOB 5339f04a9429][POLL] Polling 1 pending spCampaigns reports (Attempt 24)...
2026-05-16T12:07:58.609587+00:00 - [JOB 5339f04a9429][POLL] Polling 1 pending spCampaigns reports (Attempt 25)...
2026-05-16T12:08:05.463816+00:00 - [JOB 5339f04a9429][POLL] Polling 1 pending spCampaigns reports (Attempt 26)...
2026-05-16T12:08:13.905986+00:00 - [JOB 5339f04a9429][POLL] Polling 1 pending spCampaigns reports (Attempt 27)...
2026-05-16T12:08:21.774558+00:00 - [JOB 5339f04a9429][POLL] Polling 1 pending spCampaigns reports (Attempt 28)...
2026-05-16T12:08:30.328401+00:00 - [JOB 5339f04a9429][POLL] Polling 1 pending spCampaigns reports (Attempt 29)...
2026-05-16T12:08:39.011454+00:00 - [JOB 5339f04a9429][POLL] Polling 1 pending spCampaigns reports (Attempt 30)...
2026-05-16T12:08:46.295436+00:00 - [JOB 5339f04a9429][POLL] Polling 1 pending spCampaigns reports (Attempt 31)...
2026-05-16T12:09:02.730694+00:00 - [JOB 5339f04a9429][POLL] Polling 1 pending spCampaigns reports (Attempt 32)...
2026-05-16T12:09:22.084582+00:00 - [JOB 5339f04a9429][POLL] Polling 1 pending spCampaigns reports (Attempt 33)...
2026-05-16T12:09:42.599587+00:00 - [JOB 5339f04a9429][POLL] Polling 1 pending spCampaigns reports (Attempt 34)...
2026-05-16T12:10:03.516127+00:00 - [JOB 5339f04a9429][POLL] Polling 1 pending spCampaigns reports (Attempt 35)...
2026-05-16T12:10:25.907263+00:00 - [JOB 5339f04a9429][POLL] Polling 1 pending spCampaigns reports (Attempt 36)...
2026-05-16T12:10:47.199470+00:00 - [JOB 5339f04a9429][POLL] Polling 1 pending spCampaigns reports (Attempt 37)...
2026-05-16T12:11:11.513629+00:00 - [JOB 5339f04a9429][POLL] Polling 1 pending spCampaigns reports (Attempt 38)...
2026-05-16T12:11:37.205384+00:00 - [JOB 5339f04a9429][POLL] Polling 1 pending spCampaigns reports (Attempt 39)...
2026-05-16T12:11:39.290230+00:00 - [JOB 5339f04a9429][DOWNLOAD] Synthesis complete for TRAMONTINA INDIA — IN — INR
2026-05-16T12:11:39.292317+00:00 - [JOB 5339f04a9429] run_bulk_profiles returned 1 results
2026-05-25T06:18:04.409214+00:00 - Server (re)started
2026-05-25T06:20:10.085712+00:00 - Server (re)started
2026-05-25T06:20:57.205606+00:00 - Server (re)started
2026-05-25T06:40:40.314195+00:00 - Server (re)started
2026-05-25T06:44:52.568210+00:00 - Server (re)started
